[15:38:44] [ServerMain/INFO]: Environment: Environment[sessionHost=https://sessionserver.mojang.com, servicesHost=https://api.minecraftservices.com, name=PROD]
[15:38:47] [ServerMain/INFO]: Loaded 1337 recipes
[15:38:47] [ServerMain/INFO]: Loaded 1448 advancements
[15:38:47] [Server thread/INFO]: Starting minecraft server version 1.21.3
[15:38:47] [Server thread/INFO]: Loading properties
[15:38:47] [Server thread/INFO]: Default game type: SURVIVAL
[15:38:47] [Server thread/INFO]: Generating keypair
[15:38:48] [Server thread/INFO]: Starting Minecraft server on *:25565
[15:38:48] [Server thread/INFO]: Using epoll channel type
[15:38:48] [Server thread/WARN]: **** SERVER IS RUNNING IN OFFLINE/INSECURE MODE!
[15:38:48] [Server thread/WARN]: The server will make no attempt to authenticate usernames. Beware.
[15:38:48] [Server thread/WARN]: While this makes the game possible to play without internet access, it also opens up the ability for hackers to connect with any username they choose.
[15:38:48] [Server thread/WARN]: To change this, set "online-mode" to "true" in the server.properties file.
[15:38:48] [Server thread/INFO]: Preparing level "world"
[15:38:48] [Server thread/INFO]: Preparing start region for dimension minecraft:overworld
[15:38:55] [Worker-Main-1/INFO]: Preparing spawn area: 0%
[15:38:55] [Worker-Main-1/INFO]: Preparing spawn area: 0%
[15:38:55] [Worker-Main-1/INFO]: Preparing spawn area: 0%
[15:38:55] [Worker-Main-1/INFO]: Preparing spawn area: 0%
[15:38:55] [Worker-Main-1/INFO]: Preparing spawn area: 0%
[15:38:55] [Worker-Main-1/INFO]: Preparing spawn area: 0%
[15:38:55] [Worker-Main-1/INFO]: Preparing spawn area: 0%
[15:38:55] [Worker-Main-1/INFO]: Preparing spawn area: 0%
[15:38:55] [Worker-Main-1/INFO]: Preparing spawn area: 0%
[15:38:55] [Worker-Main-1/INFO]: Preparing spawn area: 0%
[15:38:55] [Worker-Main-1/INFO]: Preparing spawn area: 0%
[15:38:55] [Worker-Main-1/INFO]: Preparing spawn area: 0%
[15:38:55] [Worker-Main-1/INFO]: Preparing spawn area: 0%
[15:38:55] [Worker-Main-1/INFO]: Preparing spawn area: 0%
[15:38:55] [Server thread/INFO]: Time elapsed: 6940 ms
[15:38:55] [Server thread/INFO]: Done (7.317s)! For help, type "help"
[15:39:55] [Server thread/INFO]: Server empty for 60 seconds, pausing
